d:\documents\imac2\ofx_visual\apps\myapps\delaunay\obj\debug\shape.obj
d:\documents\imac2\ofx_visual\apps\myapps\delaunay\obj\debug\ofxabletonlivetrack.obj
d:\documents\imac2\ofx_visual\apps\myapps\delaunay\obj\debug\ipendpointname.obj
d:\documents\imac2\ofx_visual\apps\myapps\delaunay\obj\debug\udpsocket.obj
d:\documents\imac2\ofx_visual\apps\myapps\delaunay\obj\debug\modifier_color.obj
d:\documents\imac2\ofx_visual\apps\myapps\delaunay\obj\debug\world.obj
d:\documents\imac2\ofx_visual\apps\myapps\delaunay\obj\debug\ofxoscmessage.obj
d:\documents\imac2\ofx_visual\apps\myapps\delaunay\obj\debug\modifier_rotation.obj
d:\documents\imac2\ofx_visual\apps\myapps\delaunay\obj\debug\ofxabletonlivedevice.obj
d:\documents\imac2\ofx_visual\apps\myapps\delaunay\obj\debug\ofxoscreceiver.obj
d:\documents\imac2\ofx_visual\apps\myapps\delaunay\obj\debug\selection.obj
d:\documents\imac2\ofx_visual\apps\myapps\delaunay\obj\debug\ofxabletonliveparameter.obj
d:\documents\imac2\ofx_visual\apps\myapps\delaunay\obj\debug\ofxoscparametersync.obj
d:\documents\imac2\ofx_visual\apps\myapps\delaunay\obj\debug\modifier.obj
d:\documents\imac2\ofx_visual\apps\myapps\delaunay\obj\debug\ofxabletonlive.obj
d:\documents\imac2\ofx_visual\apps\myapps\delaunay\obj\debug\networkingutils.obj
d:\documents\imac2\ofx_visual\apps\myapps\delaunay\obj\debug\view.obj
d:\documents\imac2\ofx_visual\apps\myapps\delaunay\obj\debug\ofxabletonliveclip.obj
d:\documents\imac2\ofx_visual\apps\myapps\delaunay\obj\debug\ofxoscsender.obj
d:\documents\imac2\ofx_visual\apps\myapps\delaunay\obj\debug\ofapp.obj
d:\documents\imac2\ofx_visual\apps\myapps\delaunay\obj\debug\ofxoscbundle.obj
d:\documents\imac2\ofx_visual\apps\myapps\delaunay\obj\debug\oscoutboundpacketstream.obj
d:\documents\imac2\ofx_visual\apps\myapps\delaunay\obj\debug\oscreceivedelements.obj
d:\documents\imac2\ofx_visual\apps\myapps\delaunay\obj\debug\osctypes.obj
d:\documents\imac2\ofx_visual\apps\myapps\delaunay\obj\debug\main.obj
d:\documents\imac2\ofx_visual\apps\myapps\delaunay\obj\debug\ofxleapmotion2.obj
d:\documents\imac2\ofx_visual\apps\myapps\delaunay\obj\debug\oscprintreceivedelements.obj
d:\documents\imac2\ofx_visual\apps\myapps\delaunay\obj\debug\vc140.pdb
d:\documents\imac2\ofx_visual\apps\myapps\delaunay\obj\debug\icon.res
d:\documents\imac2\ofx_visual\apps\myapps\delaunay\obj\debug\delaunay.vcxprojresolveassemblyreference.cache
d:\documents\imac2\ofx_visual\apps\myapps\delaunay\obj\debug\delaunay.tlog\cl.command.1.tlog
d:\documents\imac2\ofx_visual\apps\myapps\delaunay\obj\debug\delaunay.tlog\cl.read.1.tlog
d:\documents\imac2\ofx_visual\apps\myapps\delaunay\obj\debug\delaunay.tlog\cl.write.1.tlog
d:\documents\imac2\ofx_visual\apps\myapps\delaunay\obj\debug\delaunay.tlog\link-cvtres.read.1.tlog
d:\documents\imac2\ofx_visual\apps\myapps\delaunay\obj\debug\delaunay.tlog\link-cvtres.write.1.tlog
d:\documents\imac2\ofx_visual\apps\myapps\delaunay\obj\debug\delaunay.tlog\link-rc.read.1.tlog
d:\documents\imac2\ofx_visual\apps\myapps\delaunay\obj\debug\delaunay.tlog\link-rc.write.1.tlog
d:\documents\imac2\ofx_visual\apps\myapps\delaunay\obj\debug\delaunay.tlog\link.command.1.tlog
d:\documents\imac2\ofx_visual\apps\myapps\delaunay\obj\debug\delaunay.tlog\link.read.1.tlog
d:\documents\imac2\ofx_visual\apps\myapps\delaunay\obj\debug\delaunay.tlog\link.write.1.tlog
d:\documents\imac2\ofx_visual\apps\myapps\delaunay\obj\debug\delaunay.tlog\rc.command.1.tlog
d:\documents\imac2\ofx_visual\apps\myapps\delaunay\obj\debug\delaunay.tlog\rc.read.1.tlog
d:\documents\imac2\ofx_visual\apps\myapps\delaunay\obj\debug\delaunay.tlog\rc.write.1.tlog
