  ofApp.cpp
D:\Documents\IMAC2\OFX_Visual\libs\openFrameworks\math\ofMatrix4x4.h(320): warning C4267: 'argument' : conversion de 'size_t' en 'int', perte possible de données
D:\Documents\IMAC2\OFX_Visual\libs\openFrameworks\math\ofMatrix4x4.h(325): warning C4267: 'argument' : conversion de 'size_t' en 'int', perte possible de données
D:\Documents\IMAC2\OFX_Visual\libs\openFrameworks\math\ofMatrix4x4.h(969): warning C4267: 'argument' : conversion de 'size_t' en 'int', perte possible de données
D:\Documents\IMAC2\OFX_Visual\libs\openFrameworks\math\ofMatrix4x4.h(970): warning C4267: 'argument' : conversion de 'size_t' en 'int', perte possible de données
D:\Documents\IMAC2\OFX_Visual\libs\openFrameworks\math\ofMatrix4x4.h(971): warning C4267: 'argument' : conversion de 'size_t' en 'int', perte possible de données
D:\Documents\IMAC2\OFX_Visual\libs\openFrameworks\math\ofMatrix4x4.h(972): warning C4267: 'argument' : conversion de 'size_t' en 'int', perte possible de données
D:\Documents\IMAC2\OFX_Visual\addons\ofxLeapMotion2\src\ofxLeapMotion2.h(152): warning C4267: 'argument' : conversion de 'size_t' en 'int', perte possible de données
D:\Documents\IMAC2\OFX_Visual\addons\ofxLeapMotion2\src\ofxLeapMotion2.h(153): warning C4267: 'argument' : conversion de 'size_t' en 'int', perte possible de données
D:\Documents\IMAC2\OFX_Visual\addons\ofxLeapMotion2\src\ofxLeapMotion2.h(161): warning C4267: 'argument' : conversion de 'size_t' en 'int', perte possible de données
D:\Documents\IMAC2\OFX_Visual\addons\ofxLeapMotion2\src\ofxLeapMotion2.h(162): warning C4267: 'argument' : conversion de 'size_t' en 'int', perte possible de données
D:\Documents\IMAC2\OFX_Visual\addons\ofxLeapMotion2\src\ofxLeapMotion2.h(169): warning C4267: 'argument' : conversion de 'size_t' en 'int', perte possible de données
D:\Documents\IMAC2\OFX_Visual\addons\ofxLeapMotion2\src\ofxLeapMotion2.h(170): warning C4267: 'argument' : conversion de 'size_t' en 'int', perte possible de données
D:\Documents\IMAC2\OFX_Visual\addons\ofxLeapMotion2\src\ofxLeapMotion2.h(203): warning C4267: 'argument' : conversion de 'size_t' en 'int', perte possible de données
D:\Documents\IMAC2\OFX_Visual\addons\ofxLeapMotion2\src\ofxLeapMotion2.h(204): warning C4267: 'argument' : conversion de 'size_t' en 'int', perte possible de données
D:\Documents\IMAC2\OFX_Visual\addons\ofxLeapMotion2\src\ofxLeapMotion2.h(230): warning C4267: 'argument' : conversion de 'size_t' en 'int', perte possible de données
D:\Documents\IMAC2\OFX_Visual\addons\ofxLeapMotion2\src\ofxLeapMotion2.h(231): warning C4267: 'argument' : conversion de 'size_t' en 'int', perte possible de données
d:\documents\imac2\ofx_visual\addons\ofxosc\src\ofxOscBundle.h(52): warning C4267: 'return' : conversion de 'size_t' en 'int', perte possible de données
d:\documents\imac2\ofx_visual\addons\ofxosc\src\ofxOscBundle.h(53): warning C4267: 'return' : conversion de 'size_t' en 'int', perte possible de données
  Delaunay.vcxproj -> D:\Documents\IMAC2\OFX_Visual\apps\myApps\Delaunay\bin\Delaunay_debug.exe
  Delaunay.vcxproj -> bin\Delaunay_debug.pdb (Full PDB)
  
  	                   9	D:\Documents\IMAC2\OFX_Visual\export\vs\x64\
  	  *Fichier SUPPL.		 1266176	D:\Documents\IMAC2\OFX_Visual\apps\myApps\Delaunay\bin\fmodex.dll
  	  *Fichier SUPPL.		 1312768	D:\Documents\IMAC2\OFX_Visual\apps\myApps\Delaunay\bin\fmodexL.dll
