d:\documents\imac2\ofx_visual\apps\myapps\delaunay\obj\release\ofxoscmessage.obj
d:\documents\imac2\ofx_visual\apps\myapps\delaunay\obj\release\ofxoscreceiver.obj
d:\documents\imac2\ofx_visual\apps\myapps\delaunay\obj\release\ofxabletonliveclip.obj
d:\documents\imac2\ofx_visual\apps\myapps\delaunay\obj\release\oscprintreceivedelements.obj
d:\documents\imac2\ofx_visual\apps\myapps\delaunay\obj\release\world.obj
d:\documents\imac2\ofx_visual\apps\myapps\delaunay\obj\release\ofxabletonlivetrack.obj
d:\documents\imac2\ofx_visual\apps\myapps\delaunay\obj\release\shape.obj
d:\documents\imac2\ofx_visual\apps\myapps\delaunay\obj\release\ofxabletonliveparameter.obj
d:\documents\imac2\ofx_visual\apps\myapps\delaunay\obj\release\ipendpointname.obj
d:\documents\imac2\ofx_visual\apps\myapps\delaunay\obj\release\networkingutils.obj
d:\documents\imac2\ofx_visual\apps\myapps\delaunay\obj\release\udpsocket.obj
d:\documents\imac2\ofx_visual\apps\myapps\delaunay\obj\release\ofxabletonlivedevice.obj
d:\documents\imac2\ofx_visual\apps\myapps\delaunay\obj\release\oscoutboundpacketstream.obj
d:\documents\imac2\ofx_visual\apps\myapps\delaunay\obj\release\oscreceivedelements.obj
d:\documents\imac2\ofx_visual\apps\myapps\delaunay\obj\release\osctypes.obj
d:\documents\imac2\ofx_visual\apps\myapps\delaunay\obj\release\selection.obj
d:\documents\imac2\ofx_visual\apps\myapps\delaunay\obj\release\ofxleapmotion2.obj
d:\documents\imac2\ofx_visual\apps\myapps\delaunay\obj\release\ofxoscsender.obj
d:\documents\imac2\ofx_visual\apps\myapps\delaunay\obj\release\ofxabletonlive.obj
d:\documents\imac2\ofx_visual\apps\myapps\delaunay\obj\release\view.obj
d:\documents\imac2\ofx_visual\apps\myapps\delaunay\obj\release\ofxoscbundle.obj
d:\documents\imac2\ofx_visual\apps\myapps\delaunay\obj\release\ofxoscparametersync.obj
d:\documents\imac2\ofx_visual\apps\myapps\delaunay\obj\release\modifier_color.obj
d:\documents\imac2\ofx_visual\apps\myapps\delaunay\obj\release\main.obj
d:\documents\imac2\ofx_visual\apps\myapps\delaunay\obj\release\modifier_rotation.obj
d:\documents\imac2\ofx_visual\apps\myapps\delaunay\obj\release\modifierselection.obj
d:\documents\imac2\ofx_visual\apps\myapps\delaunay\obj\release\ofapp.obj
d:\documents\imac2\ofx_visual\apps\myapps\delaunay\obj\release\soundmodifier.obj
d:\documents\imac2\ofx_visual\apps\myapps\delaunay\obj\release\seed.obj
d:\documents\imac2\ofx_visual\apps\myapps\delaunay\obj\release\modifier.obj
d:\documents\imac2\ofx_visual\apps\myapps\delaunay\bin\delaunay.lib
d:\documents\imac2\ofx_visual\apps\myapps\delaunay\bin\delaunay.exp
d:\documents\imac2\ofx_visual\apps\myapps\delaunay\bin\delaunay.exe
d:\documents\imac2\ofx_visual\apps\myapps\delaunay\obj\release\vc140.pdb
d:\documents\imac2\ofx_visual\apps\myapps\delaunay\obj\release\delaunay.tlog\cl.command.1.tlog
d:\documents\imac2\ofx_visual\apps\myapps\delaunay\obj\release\delaunay.tlog\cl.read.1.tlog
d:\documents\imac2\ofx_visual\apps\myapps\delaunay\obj\release\delaunay.tlog\cl.write.1.tlog
d:\documents\imac2\ofx_visual\apps\myapps\delaunay\obj\release\delaunay.tlog\delaunay.write.1u.tlog
d:\documents\imac2\ofx_visual\apps\myapps\delaunay\obj\release\delaunay.tlog\link.command.1.tlog
d:\documents\imac2\ofx_visual\apps\myapps\delaunay\obj\release\delaunay.tlog\link.read.1.tlog
d:\documents\imac2\ofx_visual\apps\myapps\delaunay\obj\release\delaunay.tlog\link.write.1.tlog
